<?xml version="1.0" encoding="UTF-8"?>
<!-- Generated by org.testng.reporters.JUnitReportReporter -->
<testsuite hostname="BDTUDV31328" name="prectice_16_12_16.DataDrivenMukesh" tests="6" failures="0" timestamp="24 Dec 2016 10:02:44 GMT" time="15.454" errors="0">
  <testcase name="wordPressLogin" time="1.506" classname="prectice_16_12_16.DataDrivenMukesh"/>
  <testcase name="wordPressLogin" time="1.432" classname="prectice_16_12_16.DataDrivenMukesh"/>
  <testcase name="wordPressLogin" time="1.378" classname="prectice_16_12_16.DataDrivenMukesh"/>
  <testcase name="wordPressLogin" time="4.450" classname="prectice_16_12_16.DataDrivenMukesh"/>
  <testcase name="wordPressLogin" time="1.946" classname="prectice_16_12_16.DataDrivenMukesh"/>
  <testcase name="wordPressLogin" time="4.742" classname="prectice_16_12_16.DataDrivenMukesh"/>
</testsuite> <!-- prectice_16_12_16.DataDrivenMukesh -->
