<?xml version="1.0" encoding="UTF-8"?>
<!-- Generated by org.testng.reporters.JUnitReportReporter -->
<testsuite hostname="BDTUDV31328" name="log4jFile.LoginTest" tests="1" failures="0" timestamp="28 Oct 2017 14:49:59 GMT" time="0.014" errors="0">
  <testcase name="login" time="0.014" classname="log4jFile.LoginTest"/>
</testsuite> <!-- log4jFile.LoginTest -->
