<?xml version="1.0" encoding="UTF-8"?>
<!-- Generated by org.testng.reporters.JUnitReportReporter -->
<testsuite hostname="BDTUDV31328" name="AntTestNG.GmailTest" tests="4" failures="0" timestamp="20 Feb 2017 09:53:20 GMT" time="0.009" errors="0">
  <testcase name="LoginPage" time="0.005" classname="AntTestNG.GmailTest"/>
  <testcase name="UserID" time="0.002" classname="AntTestNG.GmailTest"/>
  <testcase name="LoginPage" time="0.001" classname="AntTestNG.GmailTest"/>
  <testcase name="Password" time="0.001" classname="AntTestNG.GmailTest"/>
</testsuite> <!-- AntTestNG.GmailTest -->
