<?xml version="1.0" encoding="UTF-8"?>
<!-- Generated by org.testng.reporters.JUnitReportReporter -->
<testsuite hostname="BDTUDV31328" name="decModule20Again.Add_Normal_Product_Create_MultiRoom" tests="1" failures="0" timestamp="7 Jan 2017 10:55:16 GMT" time="95.391" errors="0">
  <testcase name="Create_MultiRoom_Customer" time="95.391" classname="decModule20Again.Add_Normal_Product_Create_MultiRoom"/>
</testsuite> <!-- decModule20Again.Add_Normal_Product_Create_MultiRoom -->
