<?xml version="1.0" encoding="UTF-8"?>
<!-- Generated by org.testng.reporters.JUnitReportReporter -->
<testsuite hostname="BDTUDV31328" name="CAREModule20Again.FTR_NFTR_Multi_Room_SR" tests="1" failures="0" timestamp="14 Jan 2017 11:36:02 GMT" time="132.748" errors="0">
  <testcase name="FTR_And_NFTR" time="132.748" classname="CAREModule20Again.FTR_NFTR_Multi_Room_SR"/>
</testsuite> <!-- CAREModule20Again.FTR_NFTR_Multi_Room_SR -->
