<?xml version="1.0" encoding="UTF-8"?>
<!-- Generated by org.testng.reporters.JUnitReportReporter -->
<testsuite hostname="BDTUDV31328" name="prectice_16_12_16.Tours" tests="1" failures="0" timestamp="19 Dec 2016 10:29:38 GMT" time="95.059" errors="0">
  <testcase name="loginTours" time="95.059" classname="prectice_16_12_16.Tours"/>
</testsuite> <!-- prectice_16_12_16.Tours -->
