<?xml version="1.0" encoding="UTF-8"?>
<!-- Generated by org.testng.reporters.JUnitReportReporter -->
<testsuite hostname="BDTUDV31328" name="prectice_16_12_16.crossBrowserTesting" tests="2" failures="0" timestamp="3 Jan 2017 07:12:19 GMT" time="24.167" errors="0">
  <testcase name="cross" time="10.165" classname="prectice_16_12_16.crossBrowserTesting"/>
  <testcase name="cross" time="14.002" classname="prectice_16_12_16.crossBrowserTesting"/>
</testsuite> <!-- prectice_16_12_16.crossBrowserTesting -->
