<?xml version="1.0" encoding="UTF-8"?>
<!-- Generated by org.testng.reporters.JUnitReportReporter -->
<testsuite hostname="BDTUDV31328" name="CAREModule20Again.loginCare" tests="1" failures="0" timestamp="23 Jan 2017 11:26:30 GMT" time="13.214" errors="0">
  <testcase name="login" time="13.214" classname="CAREModule20Again.loginCare"/>
</testsuite> <!-- CAREModule20Again.loginCare -->
