<?xml version="1.0" encoding="UTF-8"?>
<!-- Generated by org.testng.reporters.JUnitReportReporter -->
<testsuite hostname="BDTUDV31328" name="CAREModule20Again.AgencyDashBoard_NI_Activation" tests="1" failures="0" timestamp="11 Jan 2017 11:36:19 GMT" time="71.653" errors="0">
  <testcase name="agencyDashBoard" time="71.653" classname="CAREModule20Again.AgencyDashBoard_NI_Activation"/>
</testsuite> <!-- CAREModule20Again.AgencyDashBoard_NI_Activation -->
