<?xml version="1.0" encoding="UTF-8"?>
<!-- Generated by org.testng.reporters.JUnitReportReporter -->
<testsuite hostname="BDTUDV31328" name="CAREModule20Again.Log_Complaint_Single_Room_NewCare" tests="1" failures="0" timestamp="14 Jan 2017 09:52:13 GMT" time="128.361" errors="0">
  <testcase name="NewCare_DashBoard_Test" time="128.361" classname="CAREModule20Again.Log_Complaint_Single_Room_NewCare"/>
</testsuite> <!-- CAREModule20Again.Log_Complaint_Single_Room_NewCare -->
