<?xml version="1.0" encoding="UTF-8"?>
<!-- Generated by org.testng.reporters.JUnitReportReporter -->
<testsuite hostname="BDTUDV31328" name="configFile.rw" tests="4" failures="0" timestamp="17 Feb 2017 07:37:16 GMT" time="0.008" errors="0">
  <testcase name="Password" time="0.001" classname="configFile.rw"/>
  <testcase name="UserLogin" time="0.001" classname="configFile.rw"/>
  <testcase name="login" time="0.005" classname="configFile.rw"/>
  <testcase name="AdminLogin" time="0.001" classname="configFile.rw"/>
</testsuite> <!-- configFile.rw -->
