<?xml version="1.0" encoding="UTF-8"?>
<!-- Generated by org.testng.reporters.JUnitReportReporter -->
<testsuite hostname="BDTUDV31328" name="decModule20Again.Add_Normal_Customer_Create_NI_WO" tests="1" failures="0" timestamp="7 Jan 2017 11:45:54 GMT" time="105.896" errors="0">
  <testcase name="Add_Customer_NI_WorkOrder" time="105.896" classname="decModule20Again.Add_Normal_Customer_Create_NI_WO"/>
</testsuite> <!-- decModule20Again.Add_Normal_Customer_Create_NI_WO -->
