<?xml version="1.0" encoding="UTF-8"?>
<!-- Generated by org.testng.reporters.JUnitReportReporter -->
<testsuite hostname="BDTUDV31328" name="CAREModule20Again.AgencyDashBoard_FR_Complete" tests="1" failures="0" timestamp="16 Jan 2017 09:41:51 GMT" time="71.304" errors="0">
  <testcase name="agencyDashBoardFR_Complete" time="71.304" classname="CAREModule20Again.AgencyDashBoard_FR_Complete"/>
</testsuite> <!-- CAREModule20Again.AgencyDashBoard_FR_Complete -->
