<?xml version="1.0" encoding="UTF-8"?>
<!-- Generated by org.testng.reporters.JUnitReportReporter -->
<testsuite hostname="BDTUDV31328" name="decModule20Again.NewCare_DashBoard" tests="1" failures="0" timestamp="3 Jan 2017 06:55:58 GMT" time="74.827" errors="0">
  <testcase name="NewCare_DashBoard_Test" time="74.827" classname="decModule20Again.NewCare_DashBoard"/>
</testsuite> <!-- decModule20Again.NewCare_DashBoard -->
