<?xml version="1.0" encoding="UTF-8"?>
<!-- Generated by org.testng.reporters.JUnitReportReporter -->
<testsuite hostname="BDTUDV31328" name="modul_20_Jan_2017.Main_Test" tests="1" failures="0" timestamp="6 Jan 2017 11:57:15 GMT" time="22.570" errors="0">
  <testcase name="LoginTest" time="22.570" classname="modul_20_Jan_2017.Main_Test"/>
</testsuite> <!-- modul_20_Jan_2017.Main_Test -->
