<?xml version="1.0" encoding="UTF-8"?>
<!-- Generated by org.testng.reporters.JUnitReportReporter -->
<testsuite hostname="BDTUDV31328" name="AntTestNG.ExecuteData" tests="5" failures="0" timestamp="20 Feb 2017 10:23:25 GMT" time="0.022" errors="0">
  <testcase name="ExecutionOfCode" time="0.001" classname="AntTestNG.ExecuteData"/>
  <testcase name="ExecutionOfCode" time="0.012" classname="AntTestNG.ExecuteData"/>
  <testcase name="ExecutionOfCode" time="0.001" classname="AntTestNG.ExecuteData"/>
  <testcase name="ExecutionOfCode" time="0.001" classname="AntTestNG.ExecuteData"/>
  <testcase name="ExecutionOfCode" time="0.007" classname="AntTestNG.ExecuteData"/>
</testsuite> <!-- AntTestNG.ExecuteData -->
