<?xml version="1.0" encoding="UTF-8"?>
<!-- Generated by org.testng.reporters.JUnitReportReporter -->
<testsuite hostname="BDTUDV31328" name="prectice_16_12_16.CrossBrowser" tests="2" failures="0" timestamp="21 Dec 2016 08:07:19 GMT" time="63.388" errors="0">
  <testcase name="cross" time="33.089" classname="prectice_16_12_16.CrossBrowser"/>
  <testcase name="cross" time="30.299" classname="prectice_16_12_16.CrossBrowser"/>
</testsuite> <!-- prectice_16_12_16.CrossBrowser -->
