<?xml version="1.0" encoding="UTF-8"?>
<!-- Generated by org.testng.reporters.JUnitReportReporter -->
<testsuite hostname="BDTUDV31328" name="CAREModule20Again.FTR_NFTR_SR_Single_Room" tests="1" failures="0" timestamp="14 Jan 2017 10:34:36 GMT" time="127.416" errors="0">
  <testcase name="FTR_And_NFTR" time="127.416" classname="CAREModule20Again.FTR_NFTR_SR_Single_Room"/>
</testsuite> <!-- CAREModule20Again.FTR_NFTR_SR_Single_Room -->
