<?xml version="1.0" encoding="UTF-8"?>
<!-- Generated by org.testng.reporters.JUnitReportReporter -->
<testsuite hostname="BDTUDV31328" name="CAREModule20Again.Log_Complaint_NewCare" tests="1" failures="0" timestamp="13 Jan 2017 05:14:41 GMT" time="120.822" errors="0">
  <testcase name="NewCare_DashBoard_Test" time="120.822" classname="CAREModule20Again.Log_Complaint_NewCare"/>
</testsuite> <!-- CAREModule20Again.Log_Complaint_NewCare -->
