<?xml version="1.0" encoding="UTF-8"?>
<!-- Generated by org.testng.reporters.JUnitReportReporter -->
<testsuite hostname="BDTUDV31328" name="CAREModule20Again.AgencyDashBoard" tests="1" failures="0" timestamp="9 Jan 2017 09:45:50 GMT" time="69.509" errors="0">
  <testcase name="agencyDashBoard" time="69.509" classname="CAREModule20Again.AgencyDashBoard"/>
</testsuite> <!-- CAREModule20Again.AgencyDashBoard -->
