<?xml version="1.0" encoding="UTF-8"?>
<!-- Generated by org.testng.reporters.JUnitReportReporter -->
<testsuite hostname="BDTUDV31328" name="AntTestNG.LaunchBrowser" tests="2" failures="0" timestamp="22 Feb 2017 18:13:04 GMT" time="25.242" errors="0">
  <testcase name="LaunchingBrowser" time="13.597" classname="AntTestNG.LaunchBrowser"/>
  <testcase name="LaunchingBrowser" time="11.645" classname="AntTestNG.LaunchBrowser"/>
</testsuite> <!-- AntTestNG.LaunchBrowser -->
