<?xml version="1.0" encoding="UTF-8"?>
<!-- Generated by org.testng.reporters.JUnitReportReporter -->
<testsuite hostname="BDTUDV31328" name="prectice_16_12_16.datadrivenTest" tests="3" failures="0" timestamp="31 Jan 2017 10:15:52 GMT" time="15.683" errors="0">
  <testcase name="login" time="7.717" classname="prectice_16_12_16.datadrivenTest"/>
  <testcase name="login" time="4.070" classname="prectice_16_12_16.datadrivenTest"/>
  <testcase name="login" time="3.896" classname="prectice_16_12_16.datadrivenTest"/>
</testsuite> <!-- prectice_16_12_16.datadrivenTest -->
