<?xml version="1.0" encoding="UTF-8"?>
<!-- Generated by org.testng.reporters.JUnitReportReporter -->
<testsuite hostname="BDTUDV31328" name="CAREModule20Again.newcare" tests="1" failures="0" timestamp="10 Jan 2017 07:06:06 GMT" time="80.512" errors="0">
  <testcase name="carecustSearch" time="80.512" classname="CAREModule20Again.newcare"/>
</testsuite> <!-- CAREModule20Again.newcare -->
