<?xml version="1.0" encoding="UTF-8"?>
<!-- Generated by org.testng.reporters.JUnitReportReporter -->
<testsuite hostname="BDTUDV31328" name="CAREModule20Again.FR_creation_Multi_Room" tests="1" failures="0" timestamp="3 May 2017 04:42:13 GMT" time="181.420" errors="0">
  <testcase name="NewCare_DashBoard_Test" time="181.420" classname="CAREModule20Again.FR_creation_Multi_Room"/>
</testsuite> <!-- CAREModule20Again.FR_creation_Multi_Room -->
